<?xml version="1.0" encoding="UTF-8"?>
<testng-results skipped="0" failed="0" total="1" passed="1">
  <reporter-output>
  </reporter-output>
  <suite name="Default suite" duration-ms="1357" started-at="2019-09-28T05:52:26Z" finished-at="2019-09-28T05:52:27Z">
    <groups>
      <group name="cucumber">
        <method signature="AbstractTestNGCucumberTests.feature(cucumber.api.testng.CucumberFeatureWrapper)[pri:0, instance:TestRunner.Runner@5f341870]" name="feature" class="cucumber.api.testng.AbstractTestNGCucumberTests"/>
      </group> <!-- cucumber -->
    </groups>
    <test name="Default test" duration-ms="1357" started-at="2019-09-28T05:52:26Z" finished-at="2019-09-28T05:52:27Z">
      <class name="TestRunner.Runner">
        <test-method status="PASS" signature="setUpClass()[pri:0, instance:TestRunner.Runner@5f341870]" name="setUpClass" is-config="true" duration-ms="406" started-at="2019-09-28T11:22:26Z" finished-at="2019-09-28T11:22:26Z">
          <reporter-output>
          </reporter-output>
        </test-method> <!-- setUpClass -->
        <test-method status="PASS" signature="feature(cucumber.api.testng.CucumberFeatureWrapper)[pri:0, instance:TestRunner.Runner@5f341870]" name="feature" duration-ms="406" started-at="2019-09-28T11:22:26Z" description="Runs Cucumber Feature" data-provider="features" finished-at="2019-09-28T11:22:26Z">
          <params>
            <param index="0">
              <value>
                <![CDATA[This is Login Functionality]]>
              </value>
            </param>
          </params>
          <reporter-output>
          </reporter-output>
        </test-method> <!-- feature -->
        <test-method status="PASS" signature="tearDownClass()[pri:0, instance:TestRunner.Runner@5f341870]" name="tearDownClass" is-config="true" duration-ms="436" started-at="2019-09-28T11:22:26Z" finished-at="2019-09-28T11:22:27Z">
          <reporter-output>
          </reporter-output>
        </test-method> <!-- tearDownClass -->
      </class> <!-- TestRunner.Runner -->
    </test> <!-- Default test -->
  </suite> <!-- Default suite -->
</testng-results>
